<?xml version="1.0" encoding="UTF-8"?>
<testsuite xmlns:xsi="http://www.w3.org/2001/XMLSchema-instance" xsi:noNamespaceSchemaLocation="https://maven.apache.org/surefire/maven-failsafe-plugin/xsd/failsafe-test-report.xsd" name="RunnerTest" time="9.55" tests="36" errors="0" skipped="20" failures="6">
  <properties>
    <property name="sun.desktop" value="gnome"/>
    <property name="awt.toolkit" value="sun.awt.X11.XToolkit"/>
    <property name="java.specification.version" value="11"/>
    <property name="sun.cpu.isalist" value=""/>
    <property name="sun.jnu.encoding" value="UTF-8"/>
    <property name="java.class.path" value="/home/jmtaborda/Documentos/Workspace/baseAutomatizacionStratio/target/test-classes:/home/jmtaborda/Documentos/Workspace/baseAutomatizacionStratio/target/baseAutomatizacionStratio-1.0-SNAPSHOT.jar:/home/jmtaborda/.m2/repository/net/serenity-bdd/serenity-rest-assured/2.1.6/serenity-rest-assured-2.1.6.jar:/home/jmtaborda/.m2/repository/net/bytebuddy/byte-buddy-agent/1.10.1/byte-buddy-agent-1.10.1.jar:/home/jmtaborda/.m2/repository/com/google/guava/guava/25.0-jre/guava-25.0-jre.jar:/home/jmtaborda/.m2/repository/org/checkerframework/checker-compat-qual/2.0.0/checker-compat-qual-2.0.0.jar:/home/jmtaborda/.m2/repository/com/google/errorprone/error_prone_annotations/2.1.3/error_prone_annotations-2.1.3.jar:/home/jmtaborda/.m2/repository/com/google/j2objc/j2objc-annotations/1.1/j2objc-annotations-1.1.jar:/home/jmtaborda/.m2/repository/org/codehaus/mojo/animal-sniffer-annotations/1.14/animal-sniffer-annotations-1.14.jar:/home/jmtaborda/.m2/repository/com/google/inject/guice/4.2.2/guice-4.2.2.jar:/home/jmtaborda/.m2/repository/javax/inject/javax.inject/1/javax.inject-1.jar:/home/jmtaborda/.m2/repository/aopalliance/aopalliance/1.0/aopalliance-1.0.jar:/home/jmtaborda/.m2/repository/org/ow2/asm/asm/7.2/asm-7.2.jar:/home/jmtaborda/.m2/repository/commons-codec/commons-codec/1.10/commons-codec-1.10.jar:/home/jmtaborda/.m2/repository/org/objenesis/objenesis/3.0.1/objenesis-3.0.1.jar:/home/jmtaborda/.m2/repository/org/slf4j/slf4j-api/1.7.26/slf4j-api-1.7.26.jar:/home/jmtaborda/.m2/repository/xml-apis/xml-apis/1.4.01/xml-apis-1.4.01.jar:/home/jmtaborda/.m2/repository/io/cucumber/cucumber-core/2.4.0/cucumber-core-2.4.0.jar:/home/jmtaborda/.m2/repository/info/cukes/cucumber-html/0.2.6/cucumber-html-0.2.6.jar:/home/jmtaborda/.m2/repository/io/cucumber/cucumber-jvm-deps/1.0.6/cucumber-jvm-deps-1.0.6.jar:/home/jmtaborda/.m2/repository/io/cucumber/gherkin/5.0.0/gherkin-5.0.0.jar:/home/jmtaborda/.m2/repository/io/cucumber/tag-expressions/1.1.1/tag-expressions-1.1.1.jar:/home/jmtaborda/.m2/repository/commons-logging/commons-logging/1.2/commons-logging-1.2.jar:/home/jmtaborda/.m2/repository/io/vavr/vavr/0.9.0/vavr-0.9.0.jar:/home/jmtaborda/.m2/repository/io/vavr/vavr-match/0.9.0/vavr-match-0.9.0.jar:/home/jmtaborda/.m2/repository/javax/xml/bind/jaxb-api/2.2.12/jaxb-api-2.2.12.jar:/home/jmtaborda/.m2/repository/com/sun/xml/bind/jaxb-core/2.3.0.1/jaxb-core-2.3.0.1.jar:/home/jmtaborda/.m2/repository/com/sun/xml/bind/jaxb-impl/2.3.0.1/jaxb-impl-2.3.0.1.jar:/home/jmtaborda/.m2/repository/javax/activation/activation/1.1.1/activation-1.1.1.jar:/home/jmtaborda/.m2/repository/org/mockito/mockito-core/3.1.0/mockito-core-3.1.0.jar:/home/jmtaborda/.m2/repository/io/rest-assured/rest-assured/3.3.0/rest-assured-3.3.0.jar:/home/jmtaborda/.m2/repository/org/ccil/cowan/tagsoup/tagsoup/1.2.1/tagsoup-1.2.1.jar:/home/jmtaborda/.m2/repository/io/rest-assured/json-path/3.3.0/json-path-3.3.0.jar:/home/jmtaborda/.m2/repository/io/rest-assured/rest-assured-common/3.3.0/rest-assured-common-3.3.0.jar:/home/jmtaborda/.m2/repository/io/rest-assured/xml-path/3.3.0/xml-path-3.3.0.jar:/home/jmtaborda/.m2/repository/com/sun/xml/bind/jaxb-osgi/2.2.10/jaxb-osgi-2.2.10.jar:/home/jmtaborda/.m2/repository/org/apache/sling/org.apache.sling.javax.activation/0.1.0/org.apache.sling.javax.activation-0.1.0.jar:/home/jmtaborda/.m2/repository/org/codehaus/groovy/groovy/2.5.5/groovy-2.5.5.jar:/home/jmtaborda/.m2/repository/org/codehaus/groovy/groovy-xml/2.5.5/groovy-xml-2.5.5.jar:/home/jmtaborda/.m2/repository/org/codehaus/groovy/groovy-json/2.5.5/groovy-json-2.5.5.jar:/home/jmtaborda/.m2/repository/net/serenity-bdd/serenity-junit/2.1.6/serenity-junit-2.1.6.jar:/home/jmtaborda/.m2/repository/net/serenity-bdd/serenity-model/2.1.6/serenity-model-2.1.6.jar:/home/jmtaborda/.m2/repository/es/nitaur/markdown/txtmark/0.16/txtmark-0.16.jar:/home/jmtaborda/.m2/repository/junit/junit/4.12/junit-4.12.jar:/home/jmtaborda/.m2/repository/org/hamcrest/hamcrest-core/1.3/hamcrest-core-1.3.jar:/home/jmtaborda/.m2/repository/net/serenity-bdd/serenity-core/2.1.6/serenity-core-2.1.6.jar:/home/jmtaborda/.m2/repository/net/serenity-bdd/serenity-report-resources/2.1.6/serenity-report-resources-2.1.6.jar:/home/jmtaborda/.m2/repository/net/serenity-bdd/serenity-reports/2.1.6/serenity-reports-2.1.6.jar:/home/jmtaborda/.m2/repository/net/serenity-bdd/serenity-stats/2.1.6/serenity-stats-2.1.6.jar:/home/jmtaborda/.m2/repository/org/jetbrains/kotlin/kotlin-stdlib/1.3.31/kotlin-stdlib-1.3.31.jar:/home/jmtaborda/.m2/repository/org/jetbrains/kotlin/kotlin-stdlib-common/1.3.31/kotlin-stdlib-common-1.3.31.jar:/home/jmtaborda/.m2/repository/org/jetbrains/annotations/13.0/annotations-13.0.jar:/home/jmtaborda/.m2/repository/com/google/code/gson/gson/2.8.4/gson-2.8.4.jar:/home/jmtaborda/.m2/repository/commons-io/commons-io/2.6/commons-io-2.6.jar:/home/jmtaborda/.m2/repository/org/seleniumhq/selenium/selenium-server/3.141.59/selenium-server-3.141.59.jar:/home/jmtaborda/.m2/repository/org/seleniumhq/selenium/selenium-firefox-driver/3.141.59/selenium-firefox-driver-3.141.59.jar:/home/jmtaborda/.m2/repository/org/seleniumhq/selenium/selenium-ie-driver/3.141.59/selenium-ie-driver-3.141.59.jar:/home/jmtaborda/.m2/repository/com/beust/jcommander/1.72/jcommander-1.72.jar:/home/jmtaborda/.m2/repository/org/apache/commons/commons-exec/1.3/commons-exec-1.3.jar:/home/jmtaborda/.m2/repository/net/jcip/jcip-annotations/1.0/jcip-annotations-1.0.jar:/home/jmtaborda/.m2/repository/org/seleniumhq/selenium/jetty-repacked/9.4.12.v20180830/jetty-repacked-9.4.12.v20180830.jar:/home/jmtaborda/.m2/repository/com/squareup/okhttp3/okhttp/3.11.0/okhttp-3.11.0.jar:/home/jmtaborda/.m2/repository/com/squareup/okio/okio/1.14.0/okio-1.14.0.jar:/home/jmtaborda/.m2/repository/org/yaml/snakeyaml/1.19/snakeyaml-1.19.jar:/home/jmtaborda/.m2/repository/org/seleniumhq/selenium/selenium-java/3.141.59/selenium-java-3.141.59.jar:/home/jmtaborda/.m2/repository/org/seleniumhq/selenium/selenium-api/3.141.59/selenium-api-3.141.59.jar:/home/jmtaborda/.m2/repository/org/seleniumhq/selenium/selenium-chrome-driver/3.141.59/selenium-chrome-driver-3.141.59.jar:/home/jmtaborda/.m2/repository/org/seleniumhq/selenium/selenium-edge-driver/3.141.59/selenium-edge-driver-3.141.59.jar:/home/jmtaborda/.m2/repository/org/seleniumhq/selenium/selenium-remote-driver/3.141.59/selenium-remote-driver-3.141.59.jar:/home/jmtaborda/.m2/repository/org/seleniumhq/selenium/selenium-safari-driver/3.141.59/selenium-safari-driver-3.141.59.jar:/home/jmtaborda/.m2/repository/org/seleniumhq/selenium/selenium-opera-driver/3.141.59/selenium-opera-driver-3.141.59.jar:/home/jmtaborda/.m2/repository/org/seleniumhq/selenium/selenium-support/3.141.59/selenium-support-3.141.59.jar:/home/jmtaborda/.m2/repository/com/paulhammant/ngwebdriver/1.1.4/ngwebdriver-1.1.4.jar:/home/jmtaborda/.m2/repository/com/codeborne/phantomjsdriver/1.4.4/phantomjsdriver-1.4.4.jar:/home/jmtaborda/.m2/repository/org/seleniumhq/selenium/htmlunit-driver/2.36.0/htmlunit-driver-2.36.0.jar:/home/jmtaborda/.m2/repository/io/appium/java-client/7.3.0/java-client-7.3.0.jar:/home/jmtaborda/.m2/repository/commons-validator/commons-validator/1.6/commons-validator-1.6.jar:/home/jmtaborda/.m2/repository/commons-digester/commons-digester/1.8.1/commons-digester-1.8.1.jar:/home/jmtaborda/.m2/repository/org/aspectj/aspectjweaver/1.9.4/aspectjweaver-1.9.4.jar:/home/jmtaborda/.m2/repository/org/springframework/spring-context-support/5.1.2.RELEASE/spring-context-support-5.1.2.RELEASE.jar:/home/jmtaborda/.m2/repository/org/springframework/spring-beans/5.1.2.RELEASE/spring-beans-5.1.2.RELEASE.jar:/home/jmtaborda/.m2/repository/org/springframework/spring-core/5.1.2.RELEASE/spring-core-5.1.2.RELEASE.jar:/home/jmtaborda/.m2/repository/org/springframework/spring-jcl/5.1.2.RELEASE/spring-jcl-5.1.2.RELEASE.jar:/home/jmtaborda/.m2/repository/net/sf/opencsv/opencsv/2.0/opencsv-2.0.jar:/home/jmtaborda/.m2/repository/commons-beanutils/commons-beanutils-core/1.8.3/commons-beanutils-core-1.8.3.jar:/home/jmtaborda/.m2/repository/joda-time/joda-time/2.7/joda-time-2.7.jar:/home/jmtaborda/.m2/repository/com/thoughtworks/xstream/xstream/1.4.9/xstream-1.4.9.jar:/home/jmtaborda/.m2/repository/xmlpull/xmlpull/1.1.3.1/xmlpull-1.1.3.1.jar:/home/jmtaborda/.m2/repository/xpp3/xpp3_min/1.1.4c/xpp3_min-1.1.4c.jar:/home/jmtaborda/.m2/repository/commons-collections/commons-collections/3.2.2/commons-collections-3.2.2.jar:/home/jmtaborda/.m2/repository/org/freemarker/freemarker/2.3.29/freemarker-2.3.29.jar:/home/jmtaborda/.m2/repository/net/sourceforge/jexcelapi/jxl/2.6.12/jxl-2.6.12.jar:/home/jmtaborda/.m2/repository/org/hamcrest/hamcrest-library/1.3/hamcrest-library-1.3.jar:/home/jmtaborda/.m2/repository/net/sourceforge/htmlunit/htmlunit/2.36.0/htmlunit-2.36.0.jar:/home/jmtaborda/.m2/repository/net/sourceforge/htmlunit/htmlunit-core-js/2.36.0/htmlunit-core-js-2.36.0.jar:/home/jmtaborda/.m2/repository/net/sourceforge/htmlunit/neko-htmlunit/2.36.0/neko-htmlunit-2.36.0.jar:/home/jmtaborda/.m2/repository/xerces/xercesImpl/2.12.0/xercesImpl-2.12.0.jar:/home/jmtaborda/.m2/repository/net/sourceforge/htmlunit/htmlunit-cssparser/1.5.0/htmlunit-cssparser-1.5.0.jar:/home/jmtaborda/.m2/repository/org/brotli/dec/0.1.2/dec-0.1.2.jar:/home/jmtaborda/.m2/repository/org/eclipse/jetty/websocket/websocket-client/9.4.20.v20190813/websocket-client-9.4.20.v20190813.jar:/home/jmtaborda/.m2/repository/org/eclipse/jetty/jetty-client/9.4.20.v20190813/jetty-client-9.4.20.v20190813.jar:/home/jmtaborda/.m2/repository/org/eclipse/jetty/websocket/websocket-common/9.4.20.v20190813/websocket-common-9.4.20.v20190813.jar:/home/jmtaborda/.m2/repository/org/eclipse/jetty/websocket/websocket-api/9.4.20.v20190813/websocket-api-9.4.20.v20190813.jar:/home/jmtaborda/.m2/repository/org/apache/httpcomponents/httpclient/4.5.5/httpclient-4.5.5.jar:/home/jmtaborda/.m2/repository/org/apache/httpcomponents/httpcore/4.4.9/httpcore-4.4.9.jar:/home/jmtaborda/.m2/repository/org/apache/httpcomponents/httpmime/4.5.5/httpmime-4.5.5.jar:/home/jmtaborda/.m2/repository/org/fluentlenium/fluentlenium-core/0.10.2/fluentlenium-core-0.10.2.jar:/home/jmtaborda/.m2/repository/com/jhlabs/filters/2.0.235/filters-2.0.235.jar:/home/jmtaborda/.m2/repository/org/asciidoctor/asciidoctorj/1.5.6/asciidoctorj-1.5.6.jar:/home/jmtaborda/.m2/repository/org/jruby/jruby-complete/1.7.26/jruby-complete-1.7.26.jar:/home/jmtaborda/.m2/repository/org/imgscalr/imgscalr-lib/4.2/imgscalr-lib-4.2.jar:/home/jmtaborda/.m2/repository/javax/el/javax.el-api/2.2.4/javax.el-api-2.2.4.jar:/home/jmtaborda/.m2/repository/org/glassfish/web/javax.el/2.2.4/javax.el-2.2.4.jar:/home/jmtaborda/.m2/repository/xalan/xalan/2.7.2/xalan-2.7.2.jar:/home/jmtaborda/.m2/repository/xalan/serializer/2.7.2/serializer-2.7.2.jar:/home/jmtaborda/.m2/repository/org/awaitility/awaitility/4.0.1/awaitility-4.0.1.jar:/home/jmtaborda/.m2/repository/org/hamcrest/hamcrest/2.1/hamcrest-2.1.jar:/home/jmtaborda/.m2/repository/com/typesafe/config/1.3.1/config-1.3.1.jar:/home/jmtaborda/.m2/repository/org/jsoup/jsoup/1.10.3/jsoup-1.10.3.jar:/home/jmtaborda/.m2/repository/com/google/jimfs/jimfs/1.1/jimfs-1.1.jar:/home/jmtaborda/.m2/repository/com/vladsch/flexmark/flexmark-all/0.34.30/flexmark-all-0.34.30.jar:/home/jmtaborda/.m2/repository/com/vladsch/flexmark/flexmark/0.34.30/flexmark-0.34.30.jar:/home/jmtaborda/.m2/repository/com/vladsch/flexmark/flexmark-ext-abbreviation/0.34.30/flexmark-ext-abbreviation-0.34.30.jar:/home/jmtaborda/.m2/repository/com/vladsch/flexmark/flexmark-ext-admonition/0.34.30/flexmark-ext-admonition-0.34.30.jar:/home/jmtaborda/.m2/repository/com/vladsch/flexmark/flexmark-ext-anchorlink/0.34.30/flexmark-ext-anchorlink-0.34.30.jar:/home/jmtaborda/.m2/repository/com/vladsch/flexmark/flexmark-ext-aside/0.34.30/flexmark-ext-aside-0.34.30.jar:/home/jmtaborda/.m2/repository/com/vladsch/flexmark/flexmark-ext-attributes/0.34.30/flexmark-ext-attributes-0.34.30.jar:/home/jmtaborda/.m2/repository/com/vladsch/flexmark/flexmark-ext-autolink/0.34.30/flexmark-ext-autolink-0.34.30.jar:/home/jmtaborda/.m2/repository/org/nibor/autolink/autolink/0.6.0/autolink-0.6.0.jar:/home/jmtaborda/.m2/repository/com/vladsch/flexmark/flexmark-ext-definition/0.34.30/flexmark-ext-definition-0.34.30.jar:/home/jmtaborda/.m2/repository/com/vladsch/flexmark/flexmark-ext-emoji/0.34.30/flexmark-ext-emoji-0.34.30.jar:/home/jmtaborda/.m2/repository/com/vladsch/flexmark/flexmark-ext-enumerated-reference/0.34.30/flexmark-ext-enumerated-reference-0.34.30.jar:/home/jmtaborda/.m2/repository/com/vladsch/flexmark/flexmark-ext-escaped-character/0.34.30/flexmark-ext-escaped-character-0.34.30.jar:/home/jmtaborda/.m2/repository/com/vladsch/flexmark/flexmark-ext-footnotes/0.34.30/flexmark-ext-footnotes-0.34.30.jar:/home/jmtaborda/.m2/repository/com/vladsch/flexmark/flexmark-ext-gfm-issues/0.34.30/flexmark-ext-gfm-issues-0.34.30.jar:/home/jmtaborda/.m2/repository/com/vladsch/flexmark/flexmark-ext-gfm-strikethrough/0.34.30/flexmark-ext-gfm-strikethrough-0.34.30.jar:/home/jmtaborda/.m2/repository/com/vladsch/flexmark/flexmark-ext-gfm-tables/0.34.30/flexmark-ext-gfm-tables-0.34.30.jar:/home/jmtaborda/.m2/repository/com/vladsch/flexmark/flexmark-ext-gfm-tasklist/0.34.30/flexmark-ext-gfm-tasklist-0.34.30.jar:/home/jmtaborda/.m2/repository/com/vladsch/flexmark/flexmark-ext-gfm-users/0.34.30/flexmark-ext-gfm-users-0.34.30.jar:/home/jmtaborda/.m2/repository/com/vladsch/flexmark/flexmark-ext-gitlab/0.34.30/flexmark-ext-gitlab-0.34.30.jar:/home/jmtaborda/.m2/repository/com/vladsch/flexmark/flexmark-ext-jekyll-front-matter/0.34.30/flexmark-ext-jekyll-front-matter-0.34.30.jar:/home/jmtaborda/.m2/repository/com/vladsch/flexmark/flexmark-ext-jekyll-tag/0.34.30/flexmark-ext-jekyll-tag-0.34.30.jar:/home/jmtaborda/.m2/repository/com/vladsch/flexmark/flexmark-ext-media-tags/0.34.30/flexmark-ext-media-tags-0.34.30.jar:/home/jmtaborda/.m2/repository/com/vladsch/flexmark/flexmark-test-util/0.34.30/flexmark-test-util-0.34.30.jar:/home/jmtaborda/.m2/repository/com/vladsch/flexmark/flexmark-ext-ins/0.34.30/flexmark-ext-ins-0.34.30.jar:/home/jmtaborda/.m2/repository/com/vladsch/flexmark/flexmark-ext-xwiki-macros/0.34.30/flexmark-ext-xwiki-macros-0.34.30.jar:/home/jmtaborda/.m2/repository/com/vladsch/flexmark/flexmark-ext-superscript/0.34.30/flexmark-ext-superscript-0.34.30.jar:/home/jmtaborda/.m2/repository/com/vladsch/flexmark/flexmark-ext-tables/0.34.30/flexmark-ext-tables-0.34.30.jar:/home/jmtaborda/.m2/repository/com/vladsch/flexmark/flexmark-ext-toc/0.34.30/flexmark-ext-toc-0.34.30.jar:/home/jmtaborda/.m2/repository/com/vladsch/flexmark/flexmark-ext-typographic/0.34.30/flexmark-ext-typographic-0.34.30.jar:/home/jmtaborda/.m2/repository/com/vladsch/flexmark/flexmark-ext-wikilink/0.34.30/flexmark-ext-wikilink-0.34.30.jar:/home/jmtaborda/.m2/repository/com/vladsch/flexmark/flexmark-ext-yaml-front-matter/0.34.30/flexmark-ext-yaml-front-matter-0.34.30.jar:/home/jmtaborda/.m2/repository/com/vladsch/flexmark/flexmark-ext-youtube-embedded/0.34.30/flexmark-ext-youtube-embedded-0.34.30.jar:/home/jmtaborda/.m2/repository/com/vladsch/flexmark/flexmark-formatter/0.34.30/flexmark-formatter-0.34.30.jar:/home/jmtaborda/.m2/repository/com/vladsch/flexmark/flexmark-html-parser/0.34.30/flexmark-html-parser-0.34.30.jar:/home/jmtaborda/.m2/repository/com/vladsch/flexmark/flexmark-jira-converter/0.34.30/flexmark-jira-converter-0.34.30.jar:/home/jmtaborda/.m2/repository/com/vladsch/flexmark/flexmark-pdf-converter/0.34.30/flexmark-pdf-converter-0.34.30.jar:/home/jmtaborda/.m2/repository/com/openhtmltopdf/openhtmltopdf-core/0.0.1-RC13/openhtmltopdf-core-0.0.1-RC13.jar:/home/jmtaborda/.m2/repository/com/openhtmltopdf/openhtmltopdf-pdfbox/0.0.1-RC13/openhtmltopdf-pdfbox-0.0.1-RC13.jar:/home/jmtaborda/.m2/repository/org/apache/pdfbox/pdfbox/2.0.8/pdfbox-2.0.8.jar:/home/jmtaborda/.m2/repository/org/apache/pdfbox/fontbox/2.0.8/fontbox-2.0.8.jar:/home/jmtaborda/.m2/repository/org/apache/pdfbox/xmpbox/2.0.8/xmpbox-2.0.8.jar:/home/jmtaborda/.m2/repository/de/rototor/pdfbox/graphics2d/0.12/graphics2d-0.12.jar:/home/jmtaborda/.m2/repository/com/openhtmltopdf/openhtmltopdf-rtl-support/0.0.1-RC13/openhtmltopdf-rtl-support-0.0.1-RC13.jar:/home/jmtaborda/.m2/repository/com/ibm/icu/icu4j/59.1/icu4j-59.1.jar:/home/jmtaborda/.m2/repository/com/openhtmltopdf/openhtmltopdf-jsoup-dom-converter/0.0.1-RC13/openhtmltopdf-jsoup-dom-converter-0.0.1-RC13.jar:/home/jmtaborda/.m2/repository/com/vladsch/flexmark/flexmark-profile-pegdown/0.34.30/flexmark-profile-pegdown-0.34.30.jar:/home/jmtaborda/.m2/repository/com/vladsch/flexmark/flexmark-util/0.34.30/flexmark-util-0.34.30.jar:/home/jmtaborda/.m2/repository/com/vladsch/flexmark/flexmark-youtrack-converter/0.34.30/flexmark-youtrack-converter-0.34.30.jar:/home/jmtaborda/.m2/repository/net/serenity-bdd/serenity-cucumber/1.9.48/serenity-cucumber-1.9.48.jar:/home/jmtaborda/.m2/repository/net/serenity-bdd/serenity-screenplay/2.0.84/serenity-screenplay-2.0.84.jar:/home/jmtaborda/.m2/repository/net/serenity-bdd/serenity-screenplay-webdriver/2.0.84/serenity-screenplay-webdriver-2.0.84.jar:/home/jmtaborda/.m2/repository/io/cucumber/cucumber-java/2.4.0/cucumber-java-2.4.0.jar:/home/jmtaborda/.m2/repository/io/cucumber/cucumber-junit/2.4.0/cucumber-junit-2.4.0.jar:/home/jmtaborda/.m2/repository/org/apache/commons/commons-csv/1.5/commons-csv-1.5.jar:/home/jmtaborda/.m2/repository/net/bytebuddy/byte-buddy/1.9.6/byte-buddy-1.9.6.jar:/home/jmtaborda/.m2/repository/org/junit/jupiter/junit-jupiter-api/5.5.2/junit-jupiter-api-5.5.2.jar:/home/jmtaborda/.m2/repository/org/apiguardian/apiguardian-api/1.1.0/apiguardian-api-1.1.0.jar:/home/jmtaborda/.m2/repository/org/opentest4j/opentest4j/1.2.0/opentest4j-1.2.0.jar:/home/jmtaborda/.m2/repository/org/junit/platform/junit-platform-commons/1.5.2/junit-platform-commons-1.5.2.jar:/home/jmtaborda/.m2/repository/net/java/dev/jna/jna-platform/5.5.0/jna-platform-5.5.0.jar:/home/jmtaborda/.m2/repository/net/java/dev/jna/jna/5.5.0/jna-5.5.0.jar:/home/jmtaborda/.m2/repository/org/slf4j/slf4j-log4j12/1.7.29/slf4j-log4j12-1.7.29.jar:/home/jmtaborda/.m2/repository/log4j/log4j/1.2.17/log4j-1.2.17.jar:/home/jmtaborda/.m2/repository/org/hamcrest/hamcrest-all/1.3/hamcrest-all-1.3.jar:/home/jmtaborda/.m2/repository/org/apache/commons/commons-lang3/3.9/commons-lang3-3.9.jar:/home/jmtaborda/.m2/repository/org/codehaus/jackson/jackson-core-asl/1.9.13/jackson-core-asl-1.9.13.jar:/home/jmtaborda/.m2/repository/com/googlecode/json-simple/json-simple/1.1.1/json-simple-1.1.1.jar:/home/jmtaborda/.m2/repository/org/apache/kafka/kafka_2.13/2.4.0/kafka_2.13-2.4.0.jar:/home/jmtaborda/.m2/repository/org/apache/kafka/kafka-clients/2.4.0/kafka-clients-2.4.0.jar:/home/jmtaborda/.m2/repository/com/github/luben/zstd-jni/1.4.3-1/zstd-jni-1.4.3-1.jar:/home/jmtaborda/.m2/repository/org/lz4/lz4-java/1.6.0/lz4-java-1.6.0.jar:/home/jmtaborda/.m2/repository/org/xerial/snappy/snappy-java/1.1.7.3/snappy-java-1.1.7.3.jar:/home/jmtaborda/.m2/repository/com/fasterxml/jackson/core/jackson-databind/2.10.0/jackson-databind-2.10.0.jar:/home/jmtaborda/.m2/repository/com/fasterxml/jackson/core/jackson-annotations/2.10.0/jackson-annotations-2.10.0.jar:/home/jmtaborda/.m2/repository/com/fasterxml/jackson/core/jackson-core/2.10.0/jackson-core-2.10.0.jar:/home/jmtaborda/.m2/repository/com/fasterxml/jackson/module/jackson-module-scala_2.13/2.10.0/jackson-module-scala_2.13-2.10.0.jar:/home/jmtaborda/.m2/repository/com/fasterxml/jackson/module/jackson-module-paranamer/2.10.0/jackson-module-paranamer-2.10.0.jar:/home/jmtaborda/.m2/repository/com/fasterxml/jackson/dataformat/jackson-dataformat-csv/2.10.0/jackson-dataformat-csv-2.10.0.jar:/home/jmtaborda/.m2/repository/com/fasterxml/jackson/datatype/jackson-datatype-jdk8/2.10.0/jackson-datatype-jdk8-2.10.0.jar:/home/jmtaborda/.m2/repository/net/sf/jopt-simple/jopt-simple/5.0.4/jopt-simple-5.0.4.jar:/home/jmtaborda/.m2/repository/com/yammer/metrics/metrics-core/2.2.0/metrics-core-2.2.0.jar:/home/jmtaborda/.m2/repository/org/scala-lang/modules/scala-collection-compat_2.13/2.1.2/scala-collection-compat_2.13-2.1.2.jar:/home/jmtaborda/.m2/repository/org/scala-lang/modules/scala-java8-compat_2.13/0.9.0/scala-java8-compat_2.13-0.9.0.jar:/home/jmtaborda/.m2/repository/org/scala-lang/scala-library/2.13.1/scala-library-2.13.1.jar:/home/jmtaborda/.m2/repository/org/scala-lang/scala-reflect/2.13.1/scala-reflect-2.13.1.jar:/home/jmtaborda/.m2/repository/com/typesafe/scala-logging/scala-logging_2.13/3.9.2/scala-logging_2.13-3.9.2.jar:/home/jmtaborda/.m2/repository/org/apache/zookeeper/zookeeper/3.5.6/zookeeper-3.5.6.jar:/home/jmtaborda/.m2/repository/org/apache/zookeeper/zookeeper-jute/3.5.6/zookeeper-jute-3.5.6.jar:/home/jmtaborda/.m2/repository/org/apache/yetus/audience-annotations/0.5.0/audience-annotations-0.5.0.jar:/home/jmtaborda/.m2/repository/io/netty/netty-handler/4.1.42.Final/netty-handler-4.1.42.Final.jar:/home/jmtaborda/.m2/repository/io/netty/netty-common/4.1.42.Final/netty-common-4.1.42.Final.jar:/home/jmtaborda/.m2/repository/io/netty/netty-buffer/4.1.42.Final/netty-buffer-4.1.42.Final.jar:/home/jmtaborda/.m2/repository/io/netty/netty-transport/4.1.42.Final/netty-transport-4.1.42.Final.jar:/home/jmtaborda/.m2/repository/io/netty/netty-resolver/4.1.42.Final/netty-resolver-4.1.42.Final.jar:/home/jmtaborda/.m2/repository/io/netty/netty-codec/4.1.42.Final/netty-codec-4.1.42.Final.jar:/home/jmtaborda/.m2/repository/io/netty/netty-transport-native-epoll/4.1.42.Final/netty-transport-native-epoll-4.1.42.Final.jar:/home/jmtaborda/.m2/repository/io/netty/netty-transport-native-unix-common/4.1.42.Final/netty-transport-native-unix-common-4.1.42.Final.jar:/home/jmtaborda/.m2/repository/commons-cli/commons-cli/1.4/commons-cli-1.4.jar:/home/jmtaborda/.m2/repository/com/ibm/mq/com.ibm.mq.allclient/9.1.4.0/com.ibm.mq.allclient-9.1.4.0.jar:/home/jmtaborda/.m2/repository/org/bouncycastle/bcprov-jdk15on/1.64/bcprov-jdk15on-1.64.jar:/home/jmtaborda/.m2/repository/org/bouncycastle/bcpkix-jdk15on/1.64/bcpkix-jdk15on-1.64.jar:/home/jmtaborda/.m2/repository/javax/jms/javax.jms-api/2.0.1/javax.jms-api-2.0.1.jar:/home/jmtaborda/.m2/repository/org/apache/activemq/activemq-core/5.7.0/activemq-core-5.7.0.jar:/home/jmtaborda/.m2/repository/org/apache/geronimo/specs/geronimo-jms_1.1_spec/1.1.1/geronimo-jms_1.1_spec-1.1.1.jar:/home/jmtaborda/.m2/repository/org/apache/activemq/kahadb/5.7.0/kahadb-5.7.0.jar:/home/jmtaborda/.m2/repository/org/apache/activemq/protobuf/activemq-protobuf/1.1/activemq-protobuf-1.1.jar:/home/jmtaborda/.m2/repository/org/fusesource/mqtt-client/mqtt-client/1.3/mqtt-client-1.3.jar:/home/jmtaborda/.m2/repository/org/fusesource/hawtdispatch/hawtdispatch-transport/1.11/hawtdispatch-transport-1.11.jar:/home/jmtaborda/.m2/repository/org/fusesource/hawtdispatch/hawtdispatch/1.11/hawtdispatch-1.11.jar:/home/jmtaborda/.m2/repository/org/fusesource/hawtbuf/hawtbuf/1.9/hawtbuf-1.9.jar:/home/jmtaborda/.m2/repository/org/apache/geronimo/specs/geronimo-j2ee-management_1.1_spec/1.0.1/geronimo-j2ee-management_1.1_spec-1.0.1.jar:/home/jmtaborda/.m2/repository/org/springframework/spring-context/3.0.7.RELEASE/spring-context-3.0.7.RELEASE.jar:/home/jmtaborda/.m2/repository/org/springframework/spring-aop/3.0.7.RELEASE/spring-aop-3.0.7.RELEASE.jar:/home/jmtaborda/.m2/repository/org/springframework/spring-expression/3.0.7.RELEASE/spring-expression-3.0.7.RELEASE.jar:/home/jmtaborda/.m2/repository/org/springframework/spring-asm/3.0.7.RELEASE/spring-asm-3.0.7.RELEASE.jar:/home/jmtaborda/.m2/repository/commons-net/commons-net/3.1/commons-net-3.1.jar:/home/jmtaborda/.m2/repository/org/jasypt/jasypt/1.9.0/jasypt-1.9.0.jar:/home/jmtaborda/.m2/repository/org/apache/hadoop/hadoop-common/3.2.1/hadoop-common-3.2.1.jar:/home/jmtaborda/.m2/repository/org/apache/hadoop/hadoop-annotations/3.2.1/hadoop-annotations-3.2.1.jar:/home/jmtaborda/.m2/repository/org/apache/commons/commons-math3/3.1.1/commons-math3-3.1.1.jar:/home/jmtaborda/.m2/repository/javax/servlet/javax.servlet-api/3.1.0/javax.servlet-api-3.1.0.jar:/home/jmtaborda/.m2/repository/org/eclipse/jetty/jetty-server/9.3.24.v20180605/jetty-server-9.3.24.v20180605.jar:/home/jmtaborda/.m2/repository/org/eclipse/jetty/jetty-http/9.3.24.v20180605/jetty-http-9.3.24.v20180605.jar:/home/jmtaborda/.m2/repository/org/eclipse/jetty/jetty-io/9.3.24.v20180605/jetty-io-9.3.24.v20180605.jar:/home/jmtaborda/.m2/repository/org/eclipse/jetty/jetty-util/9.3.24.v20180605/jetty-util-9.3.24.v20180605.jar:/home/jmtaborda/.m2/repository/org/eclipse/jetty/jetty-servlet/9.3.24.v20180605/jetty-servlet-9.3.24.v20180605.jar:/home/jmtaborda/.m2/repository/org/eclipse/jetty/jetty-security/9.3.24.v20180605/jetty-security-9.3.24.v20180605.jar:/home/jmtaborda/.m2/repository/org/eclipse/jetty/jetty-webapp/9.3.24.v20180605/jetty-webapp-9.3.24.v20180605.jar:/home/jmtaborda/.m2/repository/org/eclipse/jetty/jetty-xml/9.3.24.v20180605/jetty-xml-9.3.24.v20180605.jar:/home/jmtaborda/.m2/repository/javax/servlet/jsp/jsp-api/2.1/jsp-api-2.1.jar:/home/jmtaborda/.m2/repository/com/sun/jersey/jersey-core/1.19/jersey-core-1.19.jar:/home/jmtaborda/.m2/repository/javax/ws/rs/jsr311-api/1.1.1/jsr311-api-1.1.1.jar:/home/jmtaborda/.m2/repository/com/sun/jersey/jersey-servlet/1.19/jersey-servlet-1.19.jar:/home/jmtaborda/.m2/repository/com/sun/jersey/jersey-json/1.19/jersey-json-1.19.jar:/home/jmtaborda/.m2/repository/org/codehaus/jettison/jettison/1.1/jettison-1.1.jar:/home/jmtaborda/.m2/repository/org/codehaus/jackson/jackson-mapper-asl/1.9.2/jackson-mapper-asl-1.9.2.jar:/home/jmtaborda/.m2/repository/org/codehaus/jackson/jackson-jaxrs/1.9.2/jackson-jaxrs-1.9.2.jar:/home/jmtaborda/.m2/repository/org/codehaus/jackson/jackson-xc/1.9.2/jackson-xc-1.9.2.jar:/home/jmtaborda/.m2/repository/com/sun/jersey/jersey-server/1.19/jersey-server-1.19.jar:/home/jmtaborda/.m2/repository/commons-beanutils/commons-beanutils/1.9.3/commons-beanutils-1.9.3.jar:/home/jmtaborda/.m2/repository/org/apache/commons/commons-configuration2/2.1.1/commons-configuration2-2.1.1.jar:/home/jmtaborda/.m2/repository/org/apache/commons/commons-text/1.4/commons-text-1.4.jar:/home/jmtaborda/.m2/repository/org/apache/avro/avro/1.7.7/avro-1.7.7.jar:/home/jmtaborda/.m2/repository/com/thoughtworks/paranamer/paranamer/2.3/paranamer-2.3.jar:/home/jmtaborda/.m2/repository/com/google/re2j/re2j/1.1/re2j-1.1.jar:/home/jmtaborda/.m2/repository/com/google/protobuf/protobuf-java/2.5.0/protobuf-java-2.5.0.jar:/home/jmtaborda/.m2/repository/org/apache/hadoop/hadoop-auth/3.2.1/hadoop-auth-3.2.1.jar:/home/jmtaborda/.m2/repository/com/nimbusds/nimbus-jose-jwt/4.41.1/nimbus-jose-jwt-4.41.1.jar:/home/jmtaborda/.m2/repository/com/github/stephenc/jcip/jcip-annotations/1.0-1/jcip-annotations-1.0-1.jar:/home/jmtaborda/.m2/repository/net/minidev/json-smart/2.3/json-smart-2.3.jar:/home/jmtaborda/.m2/repository/net/minidev/accessors-smart/1.2/accessors-smart-1.2.jar:/home/jmtaborda/.m2/repository/org/apache/curator/curator-framework/2.13.0/curator-framework-2.13.0.jar:/home/jmtaborda/.m2/repository/com/jcraft/jsch/0.1.54/jsch-0.1.54.jar:/home/jmtaborda/.m2/repository/org/apache/curator/curator-client/2.13.0/curator-client-2.13.0.jar:/home/jmtaborda/.m2/repository/org/apache/curator/curator-recipes/2.13.0/curator-recipes-2.13.0.jar:/home/jmtaborda/.m2/repository/com/google/code/findbugs/jsr305/3.0.0/jsr305-3.0.0.jar:/home/jmtaborda/.m2/repository/org/apache/htrace/htrace-core4/4.1.0-incubating/htrace-core4-4.1.0-incubating.jar:/home/jmtaborda/.m2/repository/org/apache/commons/commons-compress/1.18/commons-compress-1.18.jar:/home/jmtaborda/.m2/repository/org/apache/kerby/kerb-simplekdc/1.0.1/kerb-simplekdc-1.0.1.jar:/home/jmtaborda/.m2/repository/org/apache/kerby/kerb-client/1.0.1/kerb-client-1.0.1.jar:/home/jmtaborda/.m2/repository/org/apache/kerby/kerby-config/1.0.1/kerby-config-1.0.1.jar:/home/jmtaborda/.m2/repository/org/apache/kerby/kerb-core/1.0.1/kerb-core-1.0.1.jar:/home/jmtaborda/.m2/repository/org/apache/kerby/kerby-pkix/1.0.1/kerby-pkix-1.0.1.jar:/home/jmtaborda/.m2/repository/org/apache/kerby/kerby-asn1/1.0.1/kerby-asn1-1.0.1.jar:/home/jmtaborda/.m2/repository/org/apache/kerby/kerby-util/1.0.1/kerby-util-1.0.1.jar:/home/jmtaborda/.m2/repository/org/apache/kerby/kerb-common/1.0.1/kerb-common-1.0.1.jar:/home/jmtaborda/.m2/repository/org/apache/kerby/kerb-crypto/1.0.1/kerb-crypto-1.0.1.jar:/home/jmtaborda/.m2/repository/org/apache/kerby/kerb-util/1.0.1/kerb-util-1.0.1.jar:/home/jmtaborda/.m2/repository/org/apache/kerby/token-provider/1.0.1/token-provider-1.0.1.jar:/home/jmtaborda/.m2/repository/org/apache/kerby/kerb-admin/1.0.1/kerb-admin-1.0.1.jar:/home/jmtaborda/.m2/repository/org/apache/kerby/kerb-server/1.0.1/kerb-server-1.0.1.jar:/home/jmtaborda/.m2/repository/org/apache/kerby/kerb-identity/1.0.1/kerb-identity-1.0.1.jar:/home/jmtaborda/.m2/repository/org/apache/kerby/kerby-xdr/1.0.1/kerby-xdr-1.0.1.jar:/home/jmtaborda/.m2/repository/org/codehaus/woodstox/stax2-api/3.1.4/stax2-api-3.1.4.jar:/home/jmtaborda/.m2/repository/com/fasterxml/woodstox/woodstox-core/5.0.3/woodstox-core-5.0.3.jar:/home/jmtaborda/.m2/repository/dnsjava/dnsjava/2.1.7/dnsjava-2.1.7.jar:/home/jmtaborda/.m2/repository/org/apache/hadoop/hadoop-hdfs/3.2.1/hadoop-hdfs-3.2.1.jar:/home/jmtaborda/.m2/repository/org/eclipse/jetty/jetty-util-ajax/9.3.24.v20180605/jetty-util-ajax-9.3.24.v20180605.jar:/home/jmtaborda/.m2/repository/commons-daemon/commons-daemon/1.0.13/commons-daemon-1.0.13.jar:/home/jmtaborda/.m2/repository/io/netty/netty/3.10.5.Final/netty-3.10.5.Final.jar:/home/jmtaborda/.m2/repository/io/netty/netty-all/4.0.52.Final/netty-all-4.0.52.Final.jar:/home/jmtaborda/.m2/repository/org/fusesource/leveldbjni/leveldbjni-all/1.8/leveldbjni-all-1.8.jar:/home/jmtaborda/.m2/repository/org/postgresql/postgresql/42.2.10/postgresql-42.2.10.jar:/home/jmtaborda/.m2/repository/org/mybatis/mybatis/3.4.5/mybatis-3.4.5.jar:"/>
    <property name="java.vm.vendor" value="Ubuntu"/>
    <property name="sun.arch.data.model" value="64"/>
    <property name="java.vendor.url" value="https://ubuntu.com/"/>
    <property name="user.timezone" value=""/>
    <property name="java.vm.specification.version" value="11"/>
    <property name="os.name" value="Linux"/>
    <property name="sun.java.launcher" value="SUN_STANDARD"/>
    <property name="user.country" value="ES"/>
    <property name="sun.boot.library.path" value="/usr/lib/jvm/java-11-openjdk-amd64/lib"/>
    <property name="sun.java.command" value="/home/jmtaborda/Documentos/Workspace/baseAutomatizacionStratio/target/surefire/surefirebooter4500840766953346173.jar /home/jmtaborda/Documentos/Workspace/baseAutomatizacionStratio/target/surefire 2021-03-10T08-54-41_978-jvmRun1 surefire263998993356254284tmp surefire_012766761023145763929tmp"/>
    <property name="jdk.debug" value="release"/>
    <property name="surefire.test.class.path" value="/home/jmtaborda/Documentos/Workspace/baseAutomatizacionStratio/target/test-classes:/home/jmtaborda/Documentos/Workspace/baseAutomatizacionStratio/target/baseAutomatizacionStratio-1.0-SNAPSHOT.jar:/home/jmtaborda/.m2/repository/net/serenity-bdd/serenity-rest-assured/2.1.6/serenity-rest-assured-2.1.6.jar:/home/jmtaborda/.m2/repository/net/bytebuddy/byte-buddy-agent/1.10.1/byte-buddy-agent-1.10.1.jar:/home/jmtaborda/.m2/repository/com/google/guava/guava/25.0-jre/guava-25.0-jre.jar:/home/jmtaborda/.m2/repository/org/checkerframework/checker-compat-qual/2.0.0/checker-compat-qual-2.0.0.jar:/home/jmtaborda/.m2/repository/com/google/errorprone/error_prone_annotations/2.1.3/error_prone_annotations-2.1.3.jar:/home/jmtaborda/.m2/repository/com/google/j2objc/j2objc-annotations/1.1/j2objc-annotations-1.1.jar:/home/jmtaborda/.m2/repository/org/codehaus/mojo/animal-sniffer-annotations/1.14/animal-sniffer-annotations-1.14.jar:/home/jmtaborda/.m2/repository/com/google/inject/guice/4.2.2/guice-4.2.2.jar:/home/jmtaborda/.m2/repository/javax/inject/javax.inject/1/javax.inject-1.jar:/home/jmtaborda/.m2/repository/aopalliance/aopalliance/1.0/aopalliance-1.0.jar:/home/jmtaborda/.m2/repository/org/ow2/asm/asm/7.2/asm-7.2.jar:/home/jmtaborda/.m2/repository/commons-codec/commons-codec/1.10/commons-codec-1.10.jar:/home/jmtaborda/.m2/repository/org/objenesis/objenesis/3.0.1/objenesis-3.0.1.jar:/home/jmtaborda/.m2/repository/org/slf4j/slf4j-api/1.7.26/slf4j-api-1.7.26.jar:/home/jmtaborda/.m2/repository/xml-apis/xml-apis/1.4.01/xml-apis-1.4.01.jar:/home/jmtaborda/.m2/repository/io/cucumber/cucumber-core/2.4.0/cucumber-core-2.4.0.jar:/home/jmtaborda/.m2/repository/info/cukes/cucumber-html/0.2.6/cucumber-html-0.2.6.jar:/home/jmtaborda/.m2/repository/io/cucumber/cucumber-jvm-deps/1.0.6/cucumber-jvm-deps-1.0.6.jar:/home/jmtaborda/.m2/repository/io/cucumber/gherkin/5.0.0/gherkin-5.0.0.jar:/home/jmtaborda/.m2/repository/io/cucumber/tag-expressions/1.1.1/tag-expressions-1.1.1.jar:/home/jmtaborda/.m2/repository/commons-logging/commons-logging/1.2/commons-logging-1.2.jar:/home/jmtaborda/.m2/repository/io/vavr/vavr/0.9.0/vavr-0.9.0.jar:/home/jmtaborda/.m2/repository/io/vavr/vavr-match/0.9.0/vavr-match-0.9.0.jar:/home/jmtaborda/.m2/repository/javax/xml/bind/jaxb-api/2.2.12/jaxb-api-2.2.12.jar:/home/jmtaborda/.m2/repository/com/sun/xml/bind/jaxb-core/2.3.0.1/jaxb-core-2.3.0.1.jar:/home/jmtaborda/.m2/repository/com/sun/xml/bind/jaxb-impl/2.3.0.1/jaxb-impl-2.3.0.1.jar:/home/jmtaborda/.m2/repository/javax/activation/activation/1.1.1/activation-1.1.1.jar:/home/jmtaborda/.m2/repository/org/mockito/mockito-core/3.1.0/mockito-core-3.1.0.jar:/home/jmtaborda/.m2/repository/io/rest-assured/rest-assured/3.3.0/rest-assured-3.3.0.jar:/home/jmtaborda/.m2/repository/org/ccil/cowan/tagsoup/tagsoup/1.2.1/tagsoup-1.2.1.jar:/home/jmtaborda/.m2/repository/io/rest-assured/json-path/3.3.0/json-path-3.3.0.jar:/home/jmtaborda/.m2/repository/io/rest-assured/rest-assured-common/3.3.0/rest-assured-common-3.3.0.jar:/home/jmtaborda/.m2/repository/io/rest-assured/xml-path/3.3.0/xml-path-3.3.0.jar:/home/jmtaborda/.m2/repository/com/sun/xml/bind/jaxb-osgi/2.2.10/jaxb-osgi-2.2.10.jar:/home/jmtaborda/.m2/repository/org/apache/sling/org.apache.sling.javax.activation/0.1.0/org.apache.sling.javax.activation-0.1.0.jar:/home/jmtaborda/.m2/repository/org/codehaus/groovy/groovy/2.5.5/groovy-2.5.5.jar:/home/jmtaborda/.m2/repository/org/codehaus/groovy/groovy-xml/2.5.5/groovy-xml-2.5.5.jar:/home/jmtaborda/.m2/repository/org/codehaus/groovy/groovy-json/2.5.5/groovy-json-2.5.5.jar:/home/jmtaborda/.m2/repository/net/serenity-bdd/serenity-junit/2.1.6/serenity-junit-2.1.6.jar:/home/jmtaborda/.m2/repository/net/serenity-bdd/serenity-model/2.1.6/serenity-model-2.1.6.jar:/home/jmtaborda/.m2/repository/es/nitaur/markdown/txtmark/0.16/txtmark-0.16.jar:/home/jmtaborda/.m2/repository/junit/junit/4.12/junit-4.12.jar:/home/jmtaborda/.m2/repository/org/hamcrest/hamcrest-core/1.3/hamcrest-core-1.3.jar:/home/jmtaborda/.m2/repository/net/serenity-bdd/serenity-core/2.1.6/serenity-core-2.1.6.jar:/home/jmtaborda/.m2/repository/net/serenity-bdd/serenity-report-resources/2.1.6/serenity-report-resources-2.1.6.jar:/home/jmtaborda/.m2/repository/net/serenity-bdd/serenity-reports/2.1.6/serenity-reports-2.1.6.jar:/home/jmtaborda/.m2/repository/net/serenity-bdd/serenity-stats/2.1.6/serenity-stats-2.1.6.jar:/home/jmtaborda/.m2/repository/org/jetbrains/kotlin/kotlin-stdlib/1.3.31/kotlin-stdlib-1.3.31.jar:/home/jmtaborda/.m2/repository/org/jetbrains/kotlin/kotlin-stdlib-common/1.3.31/kotlin-stdlib-common-1.3.31.jar:/home/jmtaborda/.m2/repository/org/jetbrains/annotations/13.0/annotations-13.0.jar:/home/jmtaborda/.m2/repository/com/google/code/gson/gson/2.8.4/gson-2.8.4.jar:/home/jmtaborda/.m2/repository/commons-io/commons-io/2.6/commons-io-2.6.jar:/home/jmtaborda/.m2/repository/org/seleniumhq/selenium/selenium-server/3.141.59/selenium-server-3.141.59.jar:/home/jmtaborda/.m2/repository/org/seleniumhq/selenium/selenium-firefox-driver/3.141.59/selenium-firefox-driver-3.141.59.jar:/home/jmtaborda/.m2/repository/org/seleniumhq/selenium/selenium-ie-driver/3.141.59/selenium-ie-driver-3.141.59.jar:/home/jmtaborda/.m2/repository/com/beust/jcommander/1.72/jcommander-1.72.jar:/home/jmtaborda/.m2/repository/org/apache/commons/commons-exec/1.3/commons-exec-1.3.jar:/home/jmtaborda/.m2/repository/net/jcip/jcip-annotations/1.0/jcip-annotations-1.0.jar:/home/jmtaborda/.m2/repository/org/seleniumhq/selenium/jetty-repacked/9.4.12.v20180830/jetty-repacked-9.4.12.v20180830.jar:/home/jmtaborda/.m2/repository/com/squareup/okhttp3/okhttp/3.11.0/okhttp-3.11.0.jar:/home/jmtaborda/.m2/repository/com/squareup/okio/okio/1.14.0/okio-1.14.0.jar:/home/jmtaborda/.m2/repository/org/yaml/snakeyaml/1.19/snakeyaml-1.19.jar:/home/jmtaborda/.m2/repository/org/seleniumhq/selenium/selenium-java/3.141.59/selenium-java-3.141.59.jar:/home/jmtaborda/.m2/repository/org/seleniumhq/selenium/selenium-api/3.141.59/selenium-api-3.141.59.jar:/home/jmtaborda/.m2/repository/org/seleniumhq/selenium/selenium-chrome-driver/3.141.59/selenium-chrome-driver-3.141.59.jar:/home/jmtaborda/.m2/repository/org/seleniumhq/selenium/selenium-edge-driver/3.141.59/selenium-edge-driver-3.141.59.jar:/home/jmtaborda/.m2/repository/org/seleniumhq/selenium/selenium-remote-driver/3.141.59/selenium-remote-driver-3.141.59.jar:/home/jmtaborda/.m2/repository/org/seleniumhq/selenium/selenium-safari-driver/3.141.59/selenium-safari-driver-3.141.59.jar:/home/jmtaborda/.m2/repository/org/seleniumhq/selenium/selenium-opera-driver/3.141.59/selenium-opera-driver-3.141.59.jar:/home/jmtaborda/.m2/repository/org/seleniumhq/selenium/selenium-support/3.141.59/selenium-support-3.141.59.jar:/home/jmtaborda/.m2/repository/com/paulhammant/ngwebdriver/1.1.4/ngwebdriver-1.1.4.jar:/home/jmtaborda/.m2/repository/com/codeborne/phantomjsdriver/1.4.4/phantomjsdriver-1.4.4.jar:/home/jmtaborda/.m2/repository/org/seleniumhq/selenium/htmlunit-driver/2.36.0/htmlunit-driver-2.36.0.jar:/home/jmtaborda/.m2/repository/io/appium/java-client/7.3.0/java-client-7.3.0.jar:/home/jmtaborda/.m2/repository/commons-validator/commons-validator/1.6/commons-validator-1.6.jar:/home/jmtaborda/.m2/repository/commons-digester/commons-digester/1.8.1/commons-digester-1.8.1.jar:/home/jmtaborda/.m2/repository/org/aspectj/aspectjweaver/1.9.4/aspectjweaver-1.9.4.jar:/home/jmtaborda/.m2/repository/org/springframework/spring-context-support/5.1.2.RELEASE/spring-context-support-5.1.2.RELEASE.jar:/home/jmtaborda/.m2/repository/org/springframework/spring-beans/5.1.2.RELEASE/spring-beans-5.1.2.RELEASE.jar:/home/jmtaborda/.m2/repository/org/springframework/spring-core/5.1.2.RELEASE/spring-core-5.1.2.RELEASE.jar:/home/jmtaborda/.m2/repository/org/springframework/spring-jcl/5.1.2.RELEASE/spring-jcl-5.1.2.RELEASE.jar:/home/jmtaborda/.m2/repository/net/sf/opencsv/opencsv/2.0/opencsv-2.0.jar:/home/jmtaborda/.m2/repository/commons-beanutils/commons-beanutils-core/1.8.3/commons-beanutils-core-1.8.3.jar:/home/jmtaborda/.m2/repository/joda-time/joda-time/2.7/joda-time-2.7.jar:/home/jmtaborda/.m2/repository/com/thoughtworks/xstream/xstream/1.4.9/xstream-1.4.9.jar:/home/jmtaborda/.m2/repository/xmlpull/xmlpull/1.1.3.1/xmlpull-1.1.3.1.jar:/home/jmtaborda/.m2/repository/xpp3/xpp3_min/1.1.4c/xpp3_min-1.1.4c.jar:/home/jmtaborda/.m2/repository/commons-collections/commons-collections/3.2.2/commons-collections-3.2.2.jar:/home/jmtaborda/.m2/repository/org/freemarker/freemarker/2.3.29/freemarker-2.3.29.jar:/home/jmtaborda/.m2/repository/net/sourceforge/jexcelapi/jxl/2.6.12/jxl-2.6.12.jar:/home/jmtaborda/.m2/repository/org/hamcrest/hamcrest-library/1.3/hamcrest-library-1.3.jar:/home/jmtaborda/.m2/repository/net/sourceforge/htmlunit/htmlunit/2.36.0/htmlunit-2.36.0.jar:/home/jmtaborda/.m2/repository/net/sourceforge/htmlunit/htmlunit-core-js/2.36.0/htmlunit-core-js-2.36.0.jar:/home/jmtaborda/.m2/repository/net/sourceforge/htmlunit/neko-htmlunit/2.36.0/neko-htmlunit-2.36.0.jar:/home/jmtaborda/.m2/repository/xerces/xercesImpl/2.12.0/xercesImpl-2.12.0.jar:/home/jmtaborda/.m2/repository/net/sourceforge/htmlunit/htmlunit-cssparser/1.5.0/htmlunit-cssparser-1.5.0.jar:/home/jmtaborda/.m2/repository/org/brotli/dec/0.1.2/dec-0.1.2.jar:/home/jmtaborda/.m2/repository/org/eclipse/jetty/websocket/websocket-client/9.4.20.v20190813/websocket-client-9.4.20.v20190813.jar:/home/jmtaborda/.m2/repository/org/eclipse/jetty/jetty-client/9.4.20.v20190813/jetty-client-9.4.20.v20190813.jar:/home/jmtaborda/.m2/repository/org/eclipse/jetty/websocket/websocket-common/9.4.20.v20190813/websocket-common-9.4.20.v20190813.jar:/home/jmtaborda/.m2/repository/org/eclipse/jetty/websocket/websocket-api/9.4.20.v20190813/websocket-api-9.4.20.v20190813.jar:/home/jmtaborda/.m2/repository/org/apache/httpcomponents/httpclient/4.5.5/httpclient-4.5.5.jar:/home/jmtaborda/.m2/repository/org/apache/httpcomponents/httpcore/4.4.9/httpcore-4.4.9.jar:/home/jmtaborda/.m2/repository/org/apache/httpcomponents/httpmime/4.5.5/httpmime-4.5.5.jar:/home/jmtaborda/.m2/repository/org/fluentlenium/fluentlenium-core/0.10.2/fluentlenium-core-0.10.2.jar:/home/jmtaborda/.m2/repository/com/jhlabs/filters/2.0.235/filters-2.0.235.jar:/home/jmtaborda/.m2/repository/org/asciidoctor/asciidoctorj/1.5.6/asciidoctorj-1.5.6.jar:/home/jmtaborda/.m2/repository/org/jruby/jruby-complete/1.7.26/jruby-complete-1.7.26.jar:/home/jmtaborda/.m2/repository/org/imgscalr/imgscalr-lib/4.2/imgscalr-lib-4.2.jar:/home/jmtaborda/.m2/repository/javax/el/javax.el-api/2.2.4/javax.el-api-2.2.4.jar:/home/jmtaborda/.m2/repository/org/glassfish/web/javax.el/2.2.4/javax.el-2.2.4.jar:/home/jmtaborda/.m2/repository/xalan/xalan/2.7.2/xalan-2.7.2.jar:/home/jmtaborda/.m2/repository/xalan/serializer/2.7.2/serializer-2.7.2.jar:/home/jmtaborda/.m2/repository/org/awaitility/awaitility/4.0.1/awaitility-4.0.1.jar:/home/jmtaborda/.m2/repository/org/hamcrest/hamcrest/2.1/hamcrest-2.1.jar:/home/jmtaborda/.m2/repository/com/typesafe/config/1.3.1/config-1.3.1.jar:/home/jmtaborda/.m2/repository/org/jsoup/jsoup/1.10.3/jsoup-1.10.3.jar:/home/jmtaborda/.m2/repository/com/google/jimfs/jimfs/1.1/jimfs-1.1.jar:/home/jmtaborda/.m2/repository/com/vladsch/flexmark/flexmark-all/0.34.30/flexmark-all-0.34.30.jar:/home/jmtaborda/.m2/repository/com/vladsch/flexmark/flexmark/0.34.30/flexmark-0.34.30.jar:/home/jmtaborda/.m2/repository/com/vladsch/flexmark/flexmark-ext-abbreviation/0.34.30/flexmark-ext-abbreviation-0.34.30.jar:/home/jmtaborda/.m2/repository/com/vladsch/flexmark/flexmark-ext-admonition/0.34.30/flexmark-ext-admonition-0.34.30.jar:/home/jmtaborda/.m2/repository/com/vladsch/flexmark/flexmark-ext-anchorlink/0.34.30/flexmark-ext-anchorlink-0.34.30.jar:/home/jmtaborda/.m2/repository/com/vladsch/flexmark/flexmark-ext-aside/0.34.30/flexmark-ext-aside-0.34.30.jar:/home/jmtaborda/.m2/repository/com/vladsch/flexmark/flexmark-ext-attributes/0.34.30/flexmark-ext-attributes-0.34.30.jar:/home/jmtaborda/.m2/repository/com/vladsch/flexmark/flexmark-ext-autolink/0.34.30/flexmark-ext-autolink-0.34.30.jar:/home/jmtaborda/.m2/repository/org/nibor/autolink/autolink/0.6.0/autolink-0.6.0.jar:/home/jmtaborda/.m2/repository/com/vladsch/flexmark/flexmark-ext-definition/0.34.30/flexmark-ext-definition-0.34.30.jar:/home/jmtaborda/.m2/repository/com/vladsch/flexmark/flexmark-ext-emoji/0.34.30/flexmark-ext-emoji-0.34.30.jar:/home/jmtaborda/.m2/repository/com/vladsch/flexmark/flexmark-ext-enumerated-reference/0.34.30/flexmark-ext-enumerated-reference-0.34.30.jar:/home/jmtaborda/.m2/repository/com/vladsch/flexmark/flexmark-ext-escaped-character/0.34.30/flexmark-ext-escaped-character-0.34.30.jar:/home/jmtaborda/.m2/repository/com/vladsch/flexmark/flexmark-ext-footnotes/0.34.30/flexmark-ext-footnotes-0.34.30.jar:/home/jmtaborda/.m2/repository/com/vladsch/flexmark/flexmark-ext-gfm-issues/0.34.30/flexmark-ext-gfm-issues-0.34.30.jar:/home/jmtaborda/.m2/repository/com/vladsch/flexmark/flexmark-ext-gfm-strikethrough/0.34.30/flexmark-ext-gfm-strikethrough-0.34.30.jar:/home/jmtaborda/.m2/repository/com/vladsch/flexmark/flexmark-ext-gfm-tables/0.34.30/flexmark-ext-gfm-tables-0.34.30.jar:/home/jmtaborda/.m2/repository/com/vladsch/flexmark/flexmark-ext-gfm-tasklist/0.34.30/flexmark-ext-gfm-tasklist-0.34.30.jar:/home/jmtaborda/.m2/repository/com/vladsch/flexmark/flexmark-ext-gfm-users/0.34.30/flexmark-ext-gfm-users-0.34.30.jar:/home/jmtaborda/.m2/repository/com/vladsch/flexmark/flexmark-ext-gitlab/0.34.30/flexmark-ext-gitlab-0.34.30.jar:/home/jmtaborda/.m2/repository/com/vladsch/flexmark/flexmark-ext-jekyll-front-matter/0.34.30/flexmark-ext-jekyll-front-matter-0.34.30.jar:/home/jmtaborda/.m2/repository/com/vladsch/flexmark/flexmark-ext-jekyll-tag/0.34.30/flexmark-ext-jekyll-tag-0.34.30.jar:/home/jmtaborda/.m2/repository/com/vladsch/flexmark/flexmark-ext-media-tags/0.34.30/flexmark-ext-media-tags-0.34.30.jar:/home/jmtaborda/.m2/repository/com/vladsch/flexmark/flexmark-test-util/0.34.30/flexmark-test-util-0.34.30.jar:/home/jmtaborda/.m2/repository/com/vladsch/flexmark/flexmark-ext-ins/0.34.30/flexmark-ext-ins-0.34.30.jar:/home/jmtaborda/.m2/repository/com/vladsch/flexmark/flexmark-ext-xwiki-macros/0.34.30/flexmark-ext-xwiki-macros-0.34.30.jar:/home/jmtaborda/.m2/repository/com/vladsch/flexmark/flexmark-ext-superscript/0.34.30/flexmark-ext-superscript-0.34.30.jar:/home/jmtaborda/.m2/repository/com/vladsch/flexmark/flexmark-ext-tables/0.34.30/flexmark-ext-tables-0.34.30.jar:/home/jmtaborda/.m2/repository/com/vladsch/flexmark/flexmark-ext-toc/0.34.30/flexmark-ext-toc-0.34.30.jar:/home/jmtaborda/.m2/repository/com/vladsch/flexmark/flexmark-ext-typographic/0.34.30/flexmark-ext-typographic-0.34.30.jar:/home/jmtaborda/.m2/repository/com/vladsch/flexmark/flexmark-ext-wikilink/0.34.30/flexmark-ext-wikilink-0.34.30.jar:/home/jmtaborda/.m2/repository/com/vladsch/flexmark/flexmark-ext-yaml-front-matter/0.34.30/flexmark-ext-yaml-front-matter-0.34.30.jar:/home/jmtaborda/.m2/repository/com/vladsch/flexmark/flexmark-ext-youtube-embedded/0.34.30/flexmark-ext-youtube-embedded-0.34.30.jar:/home/jmtaborda/.m2/repository/com/vladsch/flexmark/flexmark-formatter/0.34.30/flexmark-formatter-0.34.30.jar:/home/jmtaborda/.m2/repository/com/vladsch/flexmark/flexmark-html-parser/0.34.30/flexmark-html-parser-0.34.30.jar:/home/jmtaborda/.m2/repository/com/vladsch/flexmark/flexmark-jira-converter/0.34.30/flexmark-jira-converter-0.34.30.jar:/home/jmtaborda/.m2/repository/com/vladsch/flexmark/flexmark-pdf-converter/0.34.30/flexmark-pdf-converter-0.34.30.jar:/home/jmtaborda/.m2/repository/com/openhtmltopdf/openhtmltopdf-core/0.0.1-RC13/openhtmltopdf-core-0.0.1-RC13.jar:/home/jmtaborda/.m2/repository/com/openhtmltopdf/openhtmltopdf-pdfbox/0.0.1-RC13/openhtmltopdf-pdfbox-0.0.1-RC13.jar:/home/jmtaborda/.m2/repository/org/apache/pdfbox/pdfbox/2.0.8/pdfbox-2.0.8.jar:/home/jmtaborda/.m2/repository/org/apache/pdfbox/fontbox/2.0.8/fontbox-2.0.8.jar:/home/jmtaborda/.m2/repository/org/apache/pdfbox/xmpbox/2.0.8/xmpbox-2.0.8.jar:/home/jmtaborda/.m2/repository/de/rototor/pdfbox/graphics2d/0.12/graphics2d-0.12.jar:/home/jmtaborda/.m2/repository/com/openhtmltopdf/openhtmltopdf-rtl-support/0.0.1-RC13/openhtmltopdf-rtl-support-0.0.1-RC13.jar:/home/jmtaborda/.m2/repository/com/ibm/icu/icu4j/59.1/icu4j-59.1.jar:/home/jmtaborda/.m2/repository/com/openhtmltopdf/openhtmltopdf-jsoup-dom-converter/0.0.1-RC13/openhtmltopdf-jsoup-dom-converter-0.0.1-RC13.jar:/home/jmtaborda/.m2/repository/com/vladsch/flexmark/flexmark-profile-pegdown/0.34.30/flexmark-profile-pegdown-0.34.30.jar:/home/jmtaborda/.m2/repository/com/vladsch/flexmark/flexmark-util/0.34.30/flexmark-util-0.34.30.jar:/home/jmtaborda/.m2/repository/com/vladsch/flexmark/flexmark-youtrack-converter/0.34.30/flexmark-youtrack-converter-0.34.30.jar:/home/jmtaborda/.m2/repository/net/serenity-bdd/serenity-cucumber/1.9.48/serenity-cucumber-1.9.48.jar:/home/jmtaborda/.m2/repository/net/serenity-bdd/serenity-screenplay/2.0.84/serenity-screenplay-2.0.84.jar:/home/jmtaborda/.m2/repository/net/serenity-bdd/serenity-screenplay-webdriver/2.0.84/serenity-screenplay-webdriver-2.0.84.jar:/home/jmtaborda/.m2/repository/io/cucumber/cucumber-java/2.4.0/cucumber-java-2.4.0.jar:/home/jmtaborda/.m2/repository/io/cucumber/cucumber-junit/2.4.0/cucumber-junit-2.4.0.jar:/home/jmtaborda/.m2/repository/org/apache/commons/commons-csv/1.5/commons-csv-1.5.jar:/home/jmtaborda/.m2/repository/net/bytebuddy/byte-buddy/1.9.6/byte-buddy-1.9.6.jar:/home/jmtaborda/.m2/repository/org/junit/jupiter/junit-jupiter-api/5.5.2/junit-jupiter-api-5.5.2.jar:/home/jmtaborda/.m2/repository/org/apiguardian/apiguardian-api/1.1.0/apiguardian-api-1.1.0.jar:/home/jmtaborda/.m2/repository/org/opentest4j/opentest4j/1.2.0/opentest4j-1.2.0.jar:/home/jmtaborda/.m2/repository/org/junit/platform/junit-platform-commons/1.5.2/junit-platform-commons-1.5.2.jar:/home/jmtaborda/.m2/repository/net/java/dev/jna/jna-platform/5.5.0/jna-platform-5.5.0.jar:/home/jmtaborda/.m2/repository/net/java/dev/jna/jna/5.5.0/jna-5.5.0.jar:/home/jmtaborda/.m2/repository/org/slf4j/slf4j-log4j12/1.7.29/slf4j-log4j12-1.7.29.jar:/home/jmtaborda/.m2/repository/log4j/log4j/1.2.17/log4j-1.2.17.jar:/home/jmtaborda/.m2/repository/org/hamcrest/hamcrest-all/1.3/hamcrest-all-1.3.jar:/home/jmtaborda/.m2/repository/org/apache/commons/commons-lang3/3.9/commons-lang3-3.9.jar:/home/jmtaborda/.m2/repository/org/codehaus/jackson/jackson-core-asl/1.9.13/jackson-core-asl-1.9.13.jar:/home/jmtaborda/.m2/repository/com/googlecode/json-simple/json-simple/1.1.1/json-simple-1.1.1.jar:/home/jmtaborda/.m2/repository/org/apache/kafka/kafka_2.13/2.4.0/kafka_2.13-2.4.0.jar:/home/jmtaborda/.m2/repository/org/apache/kafka/kafka-clients/2.4.0/kafka-clients-2.4.0.jar:/home/jmtaborda/.m2/repository/com/github/luben/zstd-jni/1.4.3-1/zstd-jni-1.4.3-1.jar:/home/jmtaborda/.m2/repository/org/lz4/lz4-java/1.6.0/lz4-java-1.6.0.jar:/home/jmtaborda/.m2/repository/org/xerial/snappy/snappy-java/1.1.7.3/snappy-java-1.1.7.3.jar:/home/jmtaborda/.m2/repository/com/fasterxml/jackson/core/jackson-databind/2.10.0/jackson-databind-2.10.0.jar:/home/jmtaborda/.m2/repository/com/fasterxml/jackson/core/jackson-annotations/2.10.0/jackson-annotations-2.10.0.jar:/home/jmtaborda/.m2/repository/com/fasterxml/jackson/core/jackson-core/2.10.0/jackson-core-2.10.0.jar:/home/jmtaborda/.m2/repository/com/fasterxml/jackson/module/jackson-module-scala_2.13/2.10.0/jackson-module-scala_2.13-2.10.0.jar:/home/jmtaborda/.m2/repository/com/fasterxml/jackson/module/jackson-module-paranamer/2.10.0/jackson-module-paranamer-2.10.0.jar:/home/jmtaborda/.m2/repository/com/fasterxml/jackson/dataformat/jackson-dataformat-csv/2.10.0/jackson-dataformat-csv-2.10.0.jar:/home/jmtaborda/.m2/repository/com/fasterxml/jackson/datatype/jackson-datatype-jdk8/2.10.0/jackson-datatype-jdk8-2.10.0.jar:/home/jmtaborda/.m2/repository/net/sf/jopt-simple/jopt-simple/5.0.4/jopt-simple-5.0.4.jar:/home/jmtaborda/.m2/repository/com/yammer/metrics/metrics-core/2.2.0/metrics-core-2.2.0.jar:/home/jmtaborda/.m2/repository/org/scala-lang/modules/scala-collection-compat_2.13/2.1.2/scala-collection-compat_2.13-2.1.2.jar:/home/jmtaborda/.m2/repository/org/scala-lang/modules/scala-java8-compat_2.13/0.9.0/scala-java8-compat_2.13-0.9.0.jar:/home/jmtaborda/.m2/repository/org/scala-lang/scala-library/2.13.1/scala-library-2.13.1.jar:/home/jmtaborda/.m2/repository/org/scala-lang/scala-reflect/2.13.1/scala-reflect-2.13.1.jar:/home/jmtaborda/.m2/repository/com/typesafe/scala-logging/scala-logging_2.13/3.9.2/scala-logging_2.13-3.9.2.jar:/home/jmtaborda/.m2/repository/org/apache/zookeeper/zookeeper/3.5.6/zookeeper-3.5.6.jar:/home/jmtaborda/.m2/repository/org/apache/zookeeper/zookeeper-jute/3.5.6/zookeeper-jute-3.5.6.jar:/home/jmtaborda/.m2/repository/org/apache/yetus/audience-annotations/0.5.0/audience-annotations-0.5.0.jar:/home/jmtaborda/.m2/repository/io/netty/netty-handler/4.1.42.Final/netty-handler-4.1.42.Final.jar:/home/jmtaborda/.m2/repository/io/netty/netty-common/4.1.42.Final/netty-common-4.1.42.Final.jar:/home/jmtaborda/.m2/repository/io/netty/netty-buffer/4.1.42.Final/netty-buffer-4.1.42.Final.jar:/home/jmtaborda/.m2/repository/io/netty/netty-transport/4.1.42.Final/netty-transport-4.1.42.Final.jar:/home/jmtaborda/.m2/repository/io/netty/netty-resolver/4.1.42.Final/netty-resolver-4.1.42.Final.jar:/home/jmtaborda/.m2/repository/io/netty/netty-codec/4.1.42.Final/netty-codec-4.1.42.Final.jar:/home/jmtaborda/.m2/repository/io/netty/netty-transport-native-epoll/4.1.42.Final/netty-transport-native-epoll-4.1.42.Final.jar:/home/jmtaborda/.m2/repository/io/netty/netty-transport-native-unix-common/4.1.42.Final/netty-transport-native-unix-common-4.1.42.Final.jar:/home/jmtaborda/.m2/repository/commons-cli/commons-cli/1.4/commons-cli-1.4.jar:/home/jmtaborda/.m2/repository/com/ibm/mq/com.ibm.mq.allclient/9.1.4.0/com.ibm.mq.allclient-9.1.4.0.jar:/home/jmtaborda/.m2/repository/org/bouncycastle/bcprov-jdk15on/1.64/bcprov-jdk15on-1.64.jar:/home/jmtaborda/.m2/repository/org/bouncycastle/bcpkix-jdk15on/1.64/bcpkix-jdk15on-1.64.jar:/home/jmtaborda/.m2/repository/javax/jms/javax.jms-api/2.0.1/javax.jms-api-2.0.1.jar:/home/jmtaborda/.m2/repository/org/apache/activemq/activemq-core/5.7.0/activemq-core-5.7.0.jar:/home/jmtaborda/.m2/repository/org/apache/geronimo/specs/geronimo-jms_1.1_spec/1.1.1/geronimo-jms_1.1_spec-1.1.1.jar:/home/jmtaborda/.m2/repository/org/apache/activemq/kahadb/5.7.0/kahadb-5.7.0.jar:/home/jmtaborda/.m2/repository/org/apache/activemq/protobuf/activemq-protobuf/1.1/activemq-protobuf-1.1.jar:/home/jmtaborda/.m2/repository/org/fusesource/mqtt-client/mqtt-client/1.3/mqtt-client-1.3.jar:/home/jmtaborda/.m2/repository/org/fusesource/hawtdispatch/hawtdispatch-transport/1.11/hawtdispatch-transport-1.11.jar:/home/jmtaborda/.m2/repository/org/fusesource/hawtdispatch/hawtdispatch/1.11/hawtdispatch-1.11.jar:/home/jmtaborda/.m2/repository/org/fusesource/hawtbuf/hawtbuf/1.9/hawtbuf-1.9.jar:/home/jmtaborda/.m2/repository/org/apache/geronimo/specs/geronimo-j2ee-management_1.1_spec/1.0.1/geronimo-j2ee-management_1.1_spec-1.0.1.jar:/home/jmtaborda/.m2/repository/org/springframework/spring-context/3.0.7.RELEASE/spring-context-3.0.7.RELEASE.jar:/home/jmtaborda/.m2/repository/org/springframework/spring-aop/3.0.7.RELEASE/spring-aop-3.0.7.RELEASE.jar:/home/jmtaborda/.m2/repository/org/springframework/spring-expression/3.0.7.RELEASE/spring-expression-3.0.7.RELEASE.jar:/home/jmtaborda/.m2/repository/org/springframework/spring-asm/3.0.7.RELEASE/spring-asm-3.0.7.RELEASE.jar:/home/jmtaborda/.m2/repository/commons-net/commons-net/3.1/commons-net-3.1.jar:/home/jmtaborda/.m2/repository/org/jasypt/jasypt/1.9.0/jasypt-1.9.0.jar:/home/jmtaborda/.m2/repository/org/apache/hadoop/hadoop-common/3.2.1/hadoop-common-3.2.1.jar:/home/jmtaborda/.m2/repository/org/apache/hadoop/hadoop-annotations/3.2.1/hadoop-annotations-3.2.1.jar:/home/jmtaborda/.m2/repository/org/apache/commons/commons-math3/3.1.1/commons-math3-3.1.1.jar:/home/jmtaborda/.m2/repository/javax/servlet/javax.servlet-api/3.1.0/javax.servlet-api-3.1.0.jar:/home/jmtaborda/.m2/repository/org/eclipse/jetty/jetty-server/9.3.24.v20180605/jetty-server-9.3.24.v20180605.jar:/home/jmtaborda/.m2/repository/org/eclipse/jetty/jetty-http/9.3.24.v20180605/jetty-http-9.3.24.v20180605.jar:/home/jmtaborda/.m2/repository/org/eclipse/jetty/jetty-io/9.3.24.v20180605/jetty-io-9.3.24.v20180605.jar:/home/jmtaborda/.m2/repository/org/eclipse/jetty/jetty-util/9.3.24.v20180605/jetty-util-9.3.24.v20180605.jar:/home/jmtaborda/.m2/repository/org/eclipse/jetty/jetty-servlet/9.3.24.v20180605/jetty-servlet-9.3.24.v20180605.jar:/home/jmtaborda/.m2/repository/org/eclipse/jetty/jetty-security/9.3.24.v20180605/jetty-security-9.3.24.v20180605.jar:/home/jmtaborda/.m2/repository/org/eclipse/jetty/jetty-webapp/9.3.24.v20180605/jetty-webapp-9.3.24.v20180605.jar:/home/jmtaborda/.m2/repository/org/eclipse/jetty/jetty-xml/9.3.24.v20180605/jetty-xml-9.3.24.v20180605.jar:/home/jmtaborda/.m2/repository/javax/servlet/jsp/jsp-api/2.1/jsp-api-2.1.jar:/home/jmtaborda/.m2/repository/com/sun/jersey/jersey-core/1.19/jersey-core-1.19.jar:/home/jmtaborda/.m2/repository/javax/ws/rs/jsr311-api/1.1.1/jsr311-api-1.1.1.jar:/home/jmtaborda/.m2/repository/com/sun/jersey/jersey-servlet/1.19/jersey-servlet-1.19.jar:/home/jmtaborda/.m2/repository/com/sun/jersey/jersey-json/1.19/jersey-json-1.19.jar:/home/jmtaborda/.m2/repository/org/codehaus/jettison/jettison/1.1/jettison-1.1.jar:/home/jmtaborda/.m2/repository/org/codehaus/jackson/jackson-mapper-asl/1.9.2/jackson-mapper-asl-1.9.2.jar:/home/jmtaborda/.m2/repository/org/codehaus/jackson/jackson-jaxrs/1.9.2/jackson-jaxrs-1.9.2.jar:/home/jmtaborda/.m2/repository/org/codehaus/jackson/jackson-xc/1.9.2/jackson-xc-1.9.2.jar:/home/jmtaborda/.m2/repository/com/sun/jersey/jersey-server/1.19/jersey-server-1.19.jar:/home/jmtaborda/.m2/repository/commons-beanutils/commons-beanutils/1.9.3/commons-beanutils-1.9.3.jar:/home/jmtaborda/.m2/repository/org/apache/commons/commons-configuration2/2.1.1/commons-configuration2-2.1.1.jar:/home/jmtaborda/.m2/repository/org/apache/commons/commons-text/1.4/commons-text-1.4.jar:/home/jmtaborda/.m2/repository/org/apache/avro/avro/1.7.7/avro-1.7.7.jar:/home/jmtaborda/.m2/repository/com/thoughtworks/paranamer/paranamer/2.3/paranamer-2.3.jar:/home/jmtaborda/.m2/repository/com/google/re2j/re2j/1.1/re2j-1.1.jar:/home/jmtaborda/.m2/repository/com/google/protobuf/protobuf-java/2.5.0/protobuf-java-2.5.0.jar:/home/jmtaborda/.m2/repository/org/apache/hadoop/hadoop-auth/3.2.1/hadoop-auth-3.2.1.jar:/home/jmtaborda/.m2/repository/com/nimbusds/nimbus-jose-jwt/4.41.1/nimbus-jose-jwt-4.41.1.jar:/home/jmtaborda/.m2/repository/com/github/stephenc/jcip/jcip-annotations/1.0-1/jcip-annotations-1.0-1.jar:/home/jmtaborda/.m2/repository/net/minidev/json-smart/2.3/json-smart-2.3.jar:/home/jmtaborda/.m2/repository/net/minidev/accessors-smart/1.2/accessors-smart-1.2.jar:/home/jmtaborda/.m2/repository/org/apache/curator/curator-framework/2.13.0/curator-framework-2.13.0.jar:/home/jmtaborda/.m2/repository/com/jcraft/jsch/0.1.54/jsch-0.1.54.jar:/home/jmtaborda/.m2/repository/org/apache/curator/curator-client/2.13.0/curator-client-2.13.0.jar:/home/jmtaborda/.m2/repository/org/apache/curator/curator-recipes/2.13.0/curator-recipes-2.13.0.jar:/home/jmtaborda/.m2/repository/com/google/code/findbugs/jsr305/3.0.0/jsr305-3.0.0.jar:/home/jmtaborda/.m2/repository/org/apache/htrace/htrace-core4/4.1.0-incubating/htrace-core4-4.1.0-incubating.jar:/home/jmtaborda/.m2/repository/org/apache/commons/commons-compress/1.18/commons-compress-1.18.jar:/home/jmtaborda/.m2/repository/org/apache/kerby/kerb-simplekdc/1.0.1/kerb-simplekdc-1.0.1.jar:/home/jmtaborda/.m2/repository/org/apache/kerby/kerb-client/1.0.1/kerb-client-1.0.1.jar:/home/jmtaborda/.m2/repository/org/apache/kerby/kerby-config/1.0.1/kerby-config-1.0.1.jar:/home/jmtaborda/.m2/repository/org/apache/kerby/kerb-core/1.0.1/kerb-core-1.0.1.jar:/home/jmtaborda/.m2/repository/org/apache/kerby/kerby-pkix/1.0.1/kerby-pkix-1.0.1.jar:/home/jmtaborda/.m2/repository/org/apache/kerby/kerby-asn1/1.0.1/kerby-asn1-1.0.1.jar:/home/jmtaborda/.m2/repository/org/apache/kerby/kerby-util/1.0.1/kerby-util-1.0.1.jar:/home/jmtaborda/.m2/repository/org/apache/kerby/kerb-common/1.0.1/kerb-common-1.0.1.jar:/home/jmtaborda/.m2/repository/org/apache/kerby/kerb-crypto/1.0.1/kerb-crypto-1.0.1.jar:/home/jmtaborda/.m2/repository/org/apache/kerby/kerb-util/1.0.1/kerb-util-1.0.1.jar:/home/jmtaborda/.m2/repository/org/apache/kerby/token-provider/1.0.1/token-provider-1.0.1.jar:/home/jmtaborda/.m2/repository/org/apache/kerby/kerb-admin/1.0.1/kerb-admin-1.0.1.jar:/home/jmtaborda/.m2/repository/org/apache/kerby/kerb-server/1.0.1/kerb-server-1.0.1.jar:/home/jmtaborda/.m2/repository/org/apache/kerby/kerb-identity/1.0.1/kerb-identity-1.0.1.jar:/home/jmtaborda/.m2/repository/org/apache/kerby/kerby-xdr/1.0.1/kerby-xdr-1.0.1.jar:/home/jmtaborda/.m2/repository/org/codehaus/woodstox/stax2-api/3.1.4/stax2-api-3.1.4.jar:/home/jmtaborda/.m2/repository/com/fasterxml/woodstox/woodstox-core/5.0.3/woodstox-core-5.0.3.jar:/home/jmtaborda/.m2/repository/dnsjava/dnsjava/2.1.7/dnsjava-2.1.7.jar:/home/jmtaborda/.m2/repository/org/apache/hadoop/hadoop-hdfs/3.2.1/hadoop-hdfs-3.2.1.jar:/home/jmtaborda/.m2/repository/org/eclipse/jetty/jetty-util-ajax/9.3.24.v20180605/jetty-util-ajax-9.3.24.v20180605.jar:/home/jmtaborda/.m2/repository/commons-daemon/commons-daemon/1.0.13/commons-daemon-1.0.13.jar:/home/jmtaborda/.m2/repository/io/netty/netty/3.10.5.Final/netty-3.10.5.Final.jar:/home/jmtaborda/.m2/repository/io/netty/netty-all/4.0.52.Final/netty-all-4.0.52.Final.jar:/home/jmtaborda/.m2/repository/org/fusesource/leveldbjni/leveldbjni-all/1.8/leveldbjni-all-1.8.jar:/home/jmtaborda/.m2/repository/org/postgresql/postgresql/42.2.10/postgresql-42.2.10.jar:/home/jmtaborda/.m2/repository/org/mybatis/mybatis/3.4.5/mybatis-3.4.5.jar:"/>
    <property name="sun.cpu.endian" value="little"/>
    <property name="user.home" value="/home/jmtaborda"/>
    <property name="user.language" value="es"/>
    <property name="java.specification.vendor" value="Oracle Corporation"/>
    <property name="java.version.date" value="2021-01-19"/>
    <property name="java.home" value="/usr/lib/jvm/java-11-openjdk-amd64"/>
    <property name="file.separator" value="/"/>
    <property name="basedir" value="/home/jmtaborda/Documentos/Workspace/baseAutomatizacionStratio"/>
    <property name="java.vm.compressedOopsMode" value="Zero based"/>
    <property name="line.separator" value="&#10;"/>
    <property name="java.specification.name" value="Java Platform API Specification"/>
    <property name="java.vm.specification.vendor" value="Oracle Corporation"/>
    <property name="java.awt.graphicsenv" value="sun.awt.X11GraphicsEnvironment"/>
    <property name="surefire.real.class.path" value="/home/jmtaborda/Documentos/Workspace/baseAutomatizacionStratio/target/surefire/surefirebooter4500840766953346173.jar"/>
    <property name="sun.management.compiler" value="HotSpot 64-Bit Tiered Compilers"/>
    <property name="java.runtime.version" value="11.0.10+9-Ubuntu-0ubuntu1.20.04"/>
    <property name="user.name" value="jmtaborda"/>
    <property name="path.separator" value=":"/>
    <property name="os.version" value="5.4.0-66-generic"/>
    <property name="java.runtime.name" value="OpenJDK Runtime Environment"/>
    <property name="file.encoding" value="UTF-8"/>
    <property name="java.vm.name" value="OpenJDK 64-Bit Server VM"/>
    <property name="localRepository" value="/home/jmtaborda/.m2/repository"/>
    <property name="java.vendor.url.bug" value="https://bugs.launchpad.net/ubuntu/+source/openjdk-lts"/>
    <property name="java.io.tmpdir" value="/tmp"/>
    <property name="java.version" value="11.0.10"/>
    <property name="user.dir" value="/home/jmtaborda/Documentos/Workspace/baseAutomatizacionStratio"/>
    <property name="os.arch" value="amd64"/>
    <property name="java.vm.specification.name" value="Java Virtual Machine Specification"/>
    <property name="java.awt.printerjob" value="sun.print.PSPrinterJob"/>
    <property name="sun.os.patch.level" value="unknown"/>
    <property name="java.library.path" value="/usr/java/packages/lib:/usr/lib/x86_64-linux-gnu/jni:/lib/x86_64-linux-gnu:/usr/lib/x86_64-linux-gnu:/usr/lib/jni:/lib:/usr/lib"/>
    <property name="java.vm.info" value="mixed mode, sharing"/>
    <property name="java.vendor" value="Ubuntu"/>
    <property name="java.vm.version" value="11.0.10+9-Ubuntu-0ubuntu1.20.04"/>
    <property name="sun.io.unicode.encoding" value="UnicodeLittle"/>
    <property name="java.class.version" value="55.0"/>
  </properties>
  <testcase name="Registro de usuario satisfactorio en la Book Store" classname="HU00 Test del software de la tienda de libros" time="2.71">
    <failure message="Correct status code returned expected:&lt;201&gt; but was:&lt;406&gt;" type="java.lang.AssertionError"><![CDATA[java.lang.AssertionError: Correct status code returned expected:<201> but was:<406>
]]></failure>
    <system-err><![CDATA[log4j:WARN No appenders could be found for logger (net.thucydides.core.steps.ConsoleLoggingListener).
log4j:WARN Please initialize the log4j system properly.
log4j:WARN See http://logging.apache.org/log4j/1.2/faq.html#noconfig for more info.
]]></system-err>
  </testcase>
  <testcase name="Registro de usuario satisfactorio en la Book Store" classname="HU00 Test del software de la tienda de libros" time="0.357">
    <failure message="Correct status code returned expected:&lt;201&gt; but was:&lt;406&gt;" type="java.lang.AssertionError"><![CDATA[java.lang.AssertionError: Correct status code returned expected:<201> but was:<406>
]]></failure>
  </testcase>
  <testcase name="Registro de usuario satisfactorio en la Book Store" classname="HU00 Test del software de la tienda de libros" time="0.35">
    <failure message="Correct status code returned expected:&lt;201&gt; but was:&lt;406&gt;" type="java.lang.AssertionError"><![CDATA[java.lang.AssertionError: Correct status code returned expected:<201> but was:<406>
]]></failure>
  </testcase>
  <testcase name="Registro de usuario satisfactorio en la Book Store" classname="HU00 Test del software de la tienda de libros" time="0.314">
    <failure message="Correct status code returned expected:&lt;201&gt; but was:&lt;406&gt;" type="java.lang.AssertionError"><![CDATA[java.lang.AssertionError: Correct status code returned expected:<201> but was:<406>
]]></failure>
  </testcase>
  <testcase name="Registro de usuario satisfactorio en la Book Store" classname="HU00 Test del software de la tienda de libros" time="0.286">
    <failure message="Correct status code returned expected:&lt;201&gt; but was:&lt;406&gt;" type="java.lang.AssertionError"><![CDATA[java.lang.AssertionError: Correct status code returned expected:<201> but was:<406>
]]></failure>
  </testcase>
  <testcase name="Registro de usuario satisfactorio en la Book Store" classname="HU00 Test del software de la tienda de libros" time="0.305">
    <failure message="Correct status code returned expected:&lt;201&gt; but was:&lt;406&gt;" type="java.lang.AssertionError"><![CDATA[java.lang.AssertionError: Correct status code returned expected:<201> but was:<406>
]]></failure>
  </testcase>
  <testcase name="Registro incorrecto de usuarios duplicado en la Book Store" classname="HU00 Test del software de la tienda de libros" time="0.275"/>
  <testcase name="Registro incorrecto de usuarios duplicado en la Book Store" classname="HU00 Test del software de la tienda de libros" time="0.305"/>
  <testcase name="Registro incorrecto de usuarios duplicado en la Book Store" classname="HU00 Test del software de la tienda de libros" time="0.293"/>
  <testcase name="Registro incorrecto de usuarios duplicado en la Book Store" classname="HU00 Test del software de la tienda de libros" time="0.301"/>
  <testcase name="Registro incorrecto de usuarios duplicado en la Book Store" classname="HU00 Test del software de la tienda de libros" time="0.324"/>
  <testcase name="Registro incorrecto de usuarios duplicado en la Book Store" classname="HU00 Test del software de la tienda de libros" time="0.315"/>
  <testcase name="Acceso correcto a Conecta BanBajio" classname="HU01 Usuario que inicia en remoto solicita producto" time="0.005"/>
  <testcase name="Inicio del flujo CLIENTE INICIA REMOTO-TERMINA SUCURSAL" classname="HU01 Usuario que inicia en remoto solicita producto" time="0.005"/>
  <testcase name="Inicio del flujo NO CLIENTE INICIA REMOTO-TERMINA SUCURSAL" classname="HU01 Usuario que inicia en remoto solicita producto" time="0.005"/>
  <testcase name="Validacion del campo celular introduciendo un valor correcto" classname="HU02 Usuario no cliente que inicia el proceso de apertura de cuenta" time="0">
    <skipped message="TODO: implement me"/>
  </testcase>
  <testcase name="Validacion del campo celular introduciendo un valor correcto" classname="HU02 Usuario no cliente que inicia el proceso de apertura de cuenta" time="0">
    <skipped message="TODO: implement me"/>
  </testcase>
  <testcase name="Validacion del campo celular introduciendo un valor correcto" classname="HU02 Usuario no cliente que inicia el proceso de apertura de cuenta" time="0">
    <skipped message="TODO: implement me"/>
  </testcase>
  <testcase name="Validacion del campo celular introduciendo un valor correcto" classname="HU02 Usuario no cliente que inicia el proceso de apertura de cuenta" time="0">
    <skipped message="TODO: implement me"/>
  </testcase>
  <testcase name="Validacion del campo celular introduciendo un valor incorrecto" classname="HU02 Usuario no cliente que inicia el proceso de apertura de cuenta" time="0">
    <skipped message="TODO: implement me"/>
  </testcase>
  <testcase name="Validacion del campo celular introduciendo un valor incorrecto" classname="HU02 Usuario no cliente que inicia el proceso de apertura de cuenta" time="0">
    <skipped message="TODO: implement me"/>
  </testcase>
  <testcase name="Validacion del campo celular introduciendo un valor incorrecto" classname="HU02 Usuario no cliente que inicia el proceso de apertura de cuenta" time="0">
    <skipped message="TODO: implement me"/>
  </testcase>
  <testcase name="Validacion del campo celular introduciendo un valor incorrecto" classname="HU02 Usuario no cliente que inicia el proceso de apertura de cuenta" time="0">
    <skipped message="TODO: implement me"/>
  </testcase>
  <testcase name="Validacion del campo correo electronico introduciendo un valor correcto" classname="HU02 Usuario no cliente que inicia el proceso de apertura de cuenta" time="0">
    <skipped message="TODO: implement me"/>
  </testcase>
  <testcase name="Validacion del campo correo electronico introduciendo un valor correcto" classname="HU02 Usuario no cliente que inicia el proceso de apertura de cuenta" time="0">
    <skipped message="TODO: implement me"/>
  </testcase>
  <testcase name="Validacion del campo correo electronico introduciendo un valor correcto" classname="HU02 Usuario no cliente que inicia el proceso de apertura de cuenta" time="0">
    <skipped message="TODO: implement me"/>
  </testcase>
  <testcase name="Validacion del campo correo electronico introduciendo un valor correcto" classname="HU02 Usuario no cliente que inicia el proceso de apertura de cuenta" time="0">
    <skipped message="TODO: implement me"/>
  </testcase>
  <testcase name="Validacion del campo correo electronico introduciendo un valor incorrecto" classname="HU02 Usuario no cliente que inicia el proceso de apertura de cuenta" time="0">
    <skipped message="TODO: implement me"/>
  </testcase>
  <testcase name="Validacion del campo correo electronico introduciendo un valor incorrecto" classname="HU02 Usuario no cliente que inicia el proceso de apertura de cuenta" time="0">
    <skipped message="TODO: implement me"/>
  </testcase>
  <testcase name="Validacion del campo correo electronico introduciendo un valor incorrecto" classname="HU02 Usuario no cliente que inicia el proceso de apertura de cuenta" time="0">
    <skipped message="TODO: implement me"/>
  </testcase>
  <testcase name="Validacion del campo correo electronico introduciendo un valor incorrecto" classname="HU02 Usuario no cliente que inicia el proceso de apertura de cuenta" time="0">
    <skipped message="TODO: implement me"/>
  </testcase>
  <testcase name="Interaccion con los links de la pagina" classname="HU02 Usuario no cliente que inicia el proceso de apertura de cuenta" time="0.006"/>
  <testcase name="Acceso de apertura de cuenta correcto" classname="HU02 Usuario no cliente que inicia el proceso de apertura de cuenta" time="0">
    <skipped message="TODO: implement me"/>
  </testcase>
  <testcase name="Acceso de apertura de cuenta correcto" classname="HU02 Usuario no cliente que inicia el proceso de apertura de cuenta" time="0">
    <skipped message="TODO: implement me"/>
  </testcase>
  <testcase name="Acceso de apertura de cuenta correcto" classname="HU02 Usuario no cliente que inicia el proceso de apertura de cuenta" time="0">
    <skipped message="TODO: implement me"/>
  </testcase>
  <testcase name="Acceso de apertura de cuenta correcto" classname="HU02 Usuario no cliente que inicia el proceso de apertura de cuenta" time="0">
    <skipped message="TODO: implement me"/>
  </testcase>
</testsuite>